MPASM  5.50                      OPENUART.ASM   10-25-2016  15:15:18         PAGE  1


LOC  OBJECT CODE     LINE SOURCE TEXT
  VALUE

                      00001   include <P18CXXX.INC>
                      00001         LIST
                      00002 ; P18CXXX.INC  Standard Header File, Microchip Technology, Inc.
                      00001         LIST
                      00002 
                      00003 ;==========================================================================
                      00004 ;  MPASM PIC18F4520 processor include
                      00005 ; 
                      00006 ;  (c) Copyright 1999-2013 Microchip Technology, All rights reserved
                      00007 ;==========================================================================
                      00008 
                      01488         LIST
                      00330   ENDIF
                      00331   IFDEF __18F4523
                      00332      INCLUDE <p18F4523.INC>
                      00333   ENDIF
                      00334   IFDEF __18F4525
                      00335      INCLUDE <p18F4525.INC>
                      00336   ENDIF
                      00337   IFDEF __18F4539
                      00338      INCLUDE <p18F4539.INC>
                      00339   ENDIF
                      00340   IFDEF __18F4550
                      00341      INCLUDE <p18F4550.INC>
                      00342   ENDIF
                      00343   IFDEF __18F4553
                      00344      INCLUDE <p18F4553.INC>
                      00345   ENDIF
                      00346   IFDEF __18F458
                      00347      INCLUDE <p18F458.INC>
                      00348   ENDIF
                      00349   IFDEF __18F4580
                      00350      INCLUDE <p18F4580.INC>
                      00351   ENDIF
                      00352   IFDEF __18F4585
                      00353      INCLUDE <p18F4585.INC>
                      00354   ENDIF
                      00355   IFDEF __18F45J10
                      00356      INCLUDE <p18F45J10.INC>
                      00357   ENDIF
                      00358   IFDEF __18F45J11
                      00359      INCLUDE <p18F45J11.INC>
                      00360   ENDIF
                      00361   IFDEF __18F45J50
                      00362      INCLUDE <p18F45J50.INC>
                      00363   ENDIF
                      00364   IFDEF __18F45K20
                      00365      INCLUDE <p18F45K20.INC>
                      00366   ENDIF
                      00367   IFDEF __18F45K22
                      00368      INCLUDE <p18F45K22.INC>
                      00369   ENDIF
                      00370   IFDEF __18F45K50
MPASM  5.50                      OPENUART.ASM   10-25-2016  15:15:18         PAGE  2


LOC  OBJECT CODE     LINE SOURCE TEXT
  VALUE

                      00371      INCLUDE <p18F45K50.INC>
                      00372   ENDIF
                      00373   IFDEF __18F45K80
                      00374      INCLUDE <p18F45K80.INC>
                      00375   ENDIF
                      00376   IFDEF __18F4610
                      00377      INCLUDE <p18F4610.INC>
                      00378   ENDIF
                      00379   IFDEF __18F4620
                      00380      INCLUDE <p18F4620.INC>
                      00381   ENDIF
                      00382   IFDEF __18F4680
                      00383      INCLUDE <p18F4680.INC>
                      00384   ENDIF
                      00385   IFDEF __18F4682
                      00386      INCLUDE <p18F4682.INC>
                      00387   ENDIF
                      00388   IFDEF __18F4685
                      00389      INCLUDE <p18F4685.INC>
                      00390   ENDIF
                      00391   IFDEF __18F46J11
                      00392      INCLUDE <p18F46J11.INC>
                      00393   ENDIF
                      00394   IFDEF __18F46J13
                      00395      INCLUDE <p18F46J13.INC>
                      00396   ENDIF
                      00397   IFDEF __18F46J50
                      00398      INCLUDE <p18F46J50.INC>
                      00399   ENDIF
                      00400   IFDEF __18F46J53
                      00401      INCLUDE <p18F46J53.INC>
                      00402   ENDIF
                      00403   IFDEF __18F46K20
                      00404      INCLUDE <p18F46K20.INC>
                      00405   ENDIF
                      00406   IFDEF __18F46K22
                      00407      INCLUDE <p18F46K22.INC>
                      00408   ENDIF
                      00409   IFDEF __18F46K80
                      00410      INCLUDE <p18F46K80.INC>
                      00411   ENDIF
                      00412   IFDEF __18F47J13
                      00413      INCLUDE <p18F47J13.INC>
                      00414   ENDIF
                      00415   IFDEF __18F47J53
                      00416      INCLUDE <p18F47J53.INC>
                      00417   ENDIF
                      00418   IFDEF __18F6310
                      00419      INCLUDE <p18F6310.INC>
                      00420   ENDIF
                      00421   IFDEF __18F6390
                      00422      INCLUDE <p18F6390.INC>
                      00423   ENDIF
MPASM  5.50                      OPENUART.ASM   10-25-2016  15:15:18         PAGE  3


LOC  OBJECT CODE     LINE SOURCE TEXT
  VALUE

                      00424   IFDEF __18F6393
                      00425      INCLUDE <p18F6393.INC>
                      00426   ENDIF
                      00427   IFDEF __18F63J11
                      00428      INCLUDE <p18F63J11.INC>
                      00429   ENDIF
                      00430   IFDEF __18F63J90
                      00431      INCLUDE <p18F63J90.INC>
                      00432   ENDIF
                      00433   IFDEF __18F6410
                      00434      INCLUDE <p18F6410.INC>
                      00435   ENDIF
                      00436   IFDEF __18F6490
                      00437      INCLUDE <p18F6490.INC>
                      00438   ENDIF
                      00439   IFDEF __18F6493
                      00440      INCLUDE <p18F6493.INC>
                      00441   ENDIF
                      00442   IFDEF __18F64J11
                      00443      INCLUDE <p18F64J11.INC>
                      00444   ENDIF
                      00445   IFDEF __18F64J90
                      00446      INCLUDE <p18F64J90.INC>
                      00447   ENDIF
                      00448   IFDEF __18F6520
                      00449      INCLUDE <p18F6520.INC>
                      00450   ENDIF
                      00451   IFDEF __18F6525
                      00452      INCLUDE <p18F6525.INC>
                      00453   ENDIF
                      00454   IFDEF __18F6527
                      00455      INCLUDE <p18F6527.INC>
                      00456   ENDIF
                      00457   IFDEF __18F6585
                      00458      INCLUDE <p18F6585.INC>
                      00459   ENDIF
                      00460   IFDEF __18F65J10
                      00461      INCLUDE <p18F65J10.INC>
                      00462   ENDIF
                      00463   IFDEF __18F65J11
                      00464      INCLUDE <p18F65J11.INC>
                      00465   ENDIF
                      00466   IFDEF __18F65J15
                      00467      INCLUDE <p18F65J15.INC>
                      00468   ENDIF
                      00469   IFDEF __18F65J50
                      00470      INCLUDE <p18F65J50.INC>
                      00471   ENDIF
                      00472   IFDEF __18F65J90
                      00473      INCLUDE <p18F65J90.INC>
                      00474   ENDIF
                      00475   IFDEF __18F65K22
                      00476      INCLUDE <p18F65K22.INC>
MPASM  5.50                      OPENUART.ASM   10-25-2016  15:15:18         PAGE  4


LOC  OBJECT CODE     LINE SOURCE TEXT
  VALUE

                      00477   ENDIF
                      00478   IFDEF __18F65K80
                      00479      INCLUDE <p18F65K80.INC>
                      00480   ENDIF
                      00481   IFDEF __18F65K90
                      00482      INCLUDE <p18F65K90.INC>
                      00483   ENDIF
                      00484   IFDEF __18F6620
                      00485      INCLUDE <p18F6620.INC>
                      00486   ENDIF
                      00487   IFDEF __18F6621
                      00488      INCLUDE <p18F6621.INC>
                      00489   ENDIF
                      00490   IFDEF __18F6622
                      00491      INCLUDE <p18F6622.INC>
                      00492   ENDIF
                      00493   IFDEF __18F6627
                      00494      INCLUDE <p18F6627.INC>
                      00495   ENDIF
                      00496   IFDEF __18F6628
                      00497      INCLUDE <p18F6628.INC>
                      00498   ENDIF
                      00499   IFDEF __18F6680
                      00500      INCLUDE <p18F6680.INC>
                      00501   ENDIF
                      00502   IFDEF __18F66J10
                      00503      INCLUDE <p18F66J10.INC>
                      00504   ENDIF
                      00505   IFDEF __18F66J11
                      00506      INCLUDE <p18F66J11.INC>
                      00507   ENDIF
                      00508   IFDEF __18F66J15
                      00509      INCLUDE <p18F66J15.INC>
                      00510   ENDIF
                      00511   IFDEF __18F66J16
                      00512      INCLUDE <p18F66J16.INC>
                      00513   ENDIF
                      00514   IFDEF __18F66J50
                      00515      INCLUDE <p18F66J50.INC>
                      00516   ENDIF
                      00517   IFDEF __18F66J55
                      00518      INCLUDE <p18F66J55.INC>
                      00519   ENDIF
                      00520   IFDEF __18F66J60
                      00521      INCLUDE <p18F66J60.INC>
                      00522   ENDIF
                      00523   IFDEF __18F66J65
                      00524      INCLUDE <p18F66J65.INC>
                      00525   ENDIF
                      00526   IFDEF __18F66J90
                      00527      INCLUDE <p18F66J90.INC>
                      00528   ENDIF
                      00529   IFDEF __18F66J93
MPASM  5.50                      OPENUART.ASM   10-25-2016  15:15:18         PAGE  5


LOC  OBJECT CODE     LINE SOURCE TEXT
  VALUE

                      00530      INCLUDE <p18F66J93.INC>
                      00531   ENDIF
                      00532   IFDEF __18F66J94
                      00533      INCLUDE <p18F66J94.INC>
                      00534   ENDIF
                      00535   IFDEF __18F66K22
                      00536      INCLUDE <p18F66K22.INC>
                      00537   ENDIF
                      00538   IFDEF __18F66K80
                      00539      INCLUDE <p18F66K80.INC>
                      00540   ENDIF
                      00541   IFDEF __18F66K90
                      00542      INCLUDE <p18F66K90.INC>
                      00543   ENDIF
                      00544   IFDEF __18F6720
                      00545      INCLUDE <p18F6720.INC>
                      00546   ENDIF
                      00547   IFDEF __18F6722
                      00548      INCLUDE <p18F6722.INC>
                      00549   ENDIF
                      00550   IFDEF __18F6723
                      00551      INCLUDE <p18F6723.INC>
                      00552   ENDIF
                      00553   IFDEF __18F67J10
                      00554      INCLUDE <p18F67J10.INC>
                      00555   ENDIF
                      00556   IFDEF __18F67J11
                      00557      INCLUDE <p18F67J11.INC>
                      00558   ENDIF
                      00559   IFDEF __18F67J50
                      00560      INCLUDE <p18F67J50.INC>
                      00561   ENDIF
                      00562   IFDEF __18F67J60
                      00563      INCLUDE <p18F67J60.INC>
                      00564   ENDIF
                      00565   IFDEF __18F67J90
                      00566      INCLUDE <p18F67J90.INC>
                      00567   ENDIF
                      00568   IFDEF __18F67J93
                      00569      INCLUDE <p18F67J93.INC>
                      00570   ENDIF
                      00571   IFDEF __18F67J94
                      00572      INCLUDE <p18F67J94.INC>
                      00573   ENDIF
                      00574   IFDEF __18F67K22
                      00575      INCLUDE <p18F67K22.INC>
                      00576   ENDIF
                      00577   IFDEF __18F67K90
                      00578      INCLUDE <p18F67K90.INC>
                      00579   ENDIF
                      00580   IFDEF __18F8310
                      00581      INCLUDE <p18F8310.INC>
                      00582   ENDIF
MPASM  5.50                      OPENUART.ASM   10-25-2016  15:15:18         PAGE  6


LOC  OBJECT CODE     LINE SOURCE TEXT
  VALUE

                      00583   IFDEF __18F8390
                      00584      INCLUDE <p18F8390.INC>
                      00585   ENDIF
                      00586   IFDEF __18F8393
                      00587      INCLUDE <p18F8393.INC>
                      00588   ENDIF
                      00589   IFDEF __18F83J11
                      00590      INCLUDE <p18F83J11.INC>
                      00591   ENDIF
                      00592   IFDEF __18F83J90
                      00593      INCLUDE <p18F83J90.INC>
                      00594   ENDIF
                      00595   IFDEF __18F8410
                      00596      INCLUDE <p18F8410.INC>
                      00597   ENDIF
                      00598   IFDEF __18F8490
                      00599      INCLUDE <p18F8490.INC>
                      00600   ENDIF
                      00601   IFDEF __18F8493
                      00602      INCLUDE <p18F8493.INC>
                      00603   ENDIF
                      00604   IFDEF __18F84J11
                      00605      INCLUDE <p18F84J11.INC>
                      00606   ENDIF
                      00607   IFDEF __18F84J90
                      00608      INCLUDE <p18F84J90.INC>
                      00609   ENDIF
                      00610   IFDEF __18F8520
                      00611      INCLUDE <p18F8520.INC>
                      00612   ENDIF
                      00613   IFDEF __18F8525
                      00614      INCLUDE <p18F8525.INC>
                      00615   ENDIF
                      00616   IFDEF __18F8527
                      00617      INCLUDE <p18F8527.INC>
                      00618   ENDIF
                      00619   IFDEF __18F8585
                      00620      INCLUDE <p18F8585.INC>
                      00621   ENDIF
                      00622   IFDEF __18F85J10
                      00623      INCLUDE <p18F85J10.INC>
                      00624   ENDIF
                      00625   IFDEF __18F85J11
                      00626      INCLUDE <p18F85J11.INC>
                      00627   ENDIF
                      00628   IFDEF __18F85J15
                      00629      INCLUDE <p18F85J15.INC>
                      00630   ENDIF
                      00631   IFDEF __18F85J50
                      00632      INCLUDE <p18F85J50.INC>
                      00633   ENDIF
                      00634   IFDEF __18F85J90
                      00635      INCLUDE <p18F85J90.INC>
MPASM  5.50                      OPENUART.ASM   10-25-2016  15:15:18         PAGE  7


LOC  OBJECT CODE     LINE SOURCE TEXT
  VALUE

                      00636   ENDIF
                      00637   IFDEF __18F65J94
                      00638      INCLUDE <p18F65J94.INC>
                      00639   ENDIF
                      00640   IFDEF __18F66J99
                      00641      INCLUDE <p18F66J99.INC>
                      00642   ENDIF
                      00643   IFDEF __18F85J94
                      00644      INCLUDE <p18F85J94.INC>
                      00645   ENDIF
                      00646   IFDEF __18F86J99
                      00647      INCLUDE <p18F86J99.INC>
                      00648   ENDIF
                      00649   IFDEF __18F95J94
                      00650      INCLUDE <p18F95J94.INC>
                      00651   ENDIF
                      00652   IFDEF __18F96J99
                      00653      INCLUDE <p18F96J99.INC>
                      00654   ENDIF
                      00655   IFDEF __18F85K22
                      00656      INCLUDE <p18F85K22.INC>
                      00657   ENDIF
                      00658   IFDEF __18F85K90
                      00659      INCLUDE <p18F85K90.INC>
                      00660   ENDIF
                      00661   IFDEF __18F8620
                      00662      INCLUDE <p18F8620.INC>
                      00663   ENDIF
                      00664   IFDEF __18F8621
                      00665      INCLUDE <p18F8621.INC>
                      00666   ENDIF
                      00667   IFDEF __18F8622
                      00668      INCLUDE <p18F8622.INC>
                      00669   ENDIF
                      00670   IFDEF __18F8627
                      00671      INCLUDE <p18F8627.INC>
                      00672   ENDIF
                      00673   IFDEF __18F8628
                      00674      INCLUDE <p18F8628.INC>
                      00675   ENDIF
                      00676   IFDEF __18F8680
                      00677      INCLUDE <p18F8680.INC>
                      00678   ENDIF
                      00679   IFDEF __18F86J10
                      00680      INCLUDE <p18F86J10.INC>
                      00681   ENDIF
                      00682   IFDEF __18F86J11
                      00683      INCLUDE <p18F86J11.INC>
                      00684   ENDIF
                      00685   IFDEF __18F86J15
                      00686      INCLUDE <p18F86J15.INC>
                      00687   ENDIF
                      00688   IFDEF __18F86J16
MPASM  5.50                      OPENUART.ASM   10-25-2016  15:15:18         PAGE  8


LOC  OBJECT CODE     LINE SOURCE TEXT
  VALUE

                      00689      INCLUDE <p18F86J16.INC>
                      00690   ENDIF
                      00691   IFDEF __18F86J50
                      00692      INCLUDE <p18F86J50.INC>
                      00693   ENDIF
                      00694   IFDEF __18F86J55
                      00695      INCLUDE <p18F86J55.INC>
                      00696   ENDIF
                      00697   IFDEF __18F86J60
                      00698      INCLUDE <p18F86J60.INC>
                      00699   ENDIF
                      00700   IFDEF __18F86J65
                      00701      INCLUDE <p18F86J65.INC>
                      00702   ENDIF
                      00703   IFDEF __18F86J72
                      00704      INCLUDE <p18F86J72.INC>
                      00705   ENDIF
                      00706   IFDEF __18F86J90
                      00707      INCLUDE <p18F86J90.INC>
                      00708   ENDIF
                      00709   IFDEF __18F86J93
                      00710      INCLUDE <p18F86J93.INC>
                      00711   ENDIF
                      00712   IFDEF __18F86J94
                      00713      INCLUDE <p18F86J94.INC>
                      00714   ENDIF
                      00715   IFDEF __18F86K22
                      00716      INCLUDE <p18F86K22.INC>
                      00717   ENDIF
                      00718   IFDEF __18F86K90
                      00719      INCLUDE <p18F86K90.INC>
                      00720   ENDIF
                      00721   IFDEF __18F8720
                      00722      INCLUDE <p18F8720.INC>
                      00723   ENDIF
                      00724   IFDEF __18F8722
                      00725      INCLUDE <p18F8722.INC>
                      00726   ENDIF
                      00727   IFDEF __18F8723
                      00728      INCLUDE <p18F8723.INC>
                      00729   ENDIF
                      00730   IFDEF __18F87J10
                      00731      INCLUDE <p18F87J10.INC>
                      00732   ENDIF
                      00733   IFDEF __18F87J11
                      00734      INCLUDE <p18F87J11.INC>
                      00735   ENDIF
                      00736   IFDEF __18F87J50
                      00737      INCLUDE <p18F87J50.INC>
                      00738   ENDIF
                      00739   IFDEF __18F87J60
                      00740      INCLUDE <p18F87J60.INC>
                      00741   ENDIF
MPASM  5.50                      OPENUART.ASM   10-25-2016  15:15:18         PAGE  9


LOC  OBJECT CODE     LINE SOURCE TEXT
  VALUE

                      00742   IFDEF __18F87J72
                      00743      INCLUDE <p18F87J72.INC>
                      00744   ENDIF
                      00745   IFDEF __18F87J90
                      00746      INCLUDE <p18F87J90.INC>
                      00747   ENDIF
                      00748   IFDEF __18F87J93
                      00749      INCLUDE <p18F87J93.INC>
                      00750   ENDIF
                      00751   IFDEF __18F87J94
                      00752      INCLUDE <p18F87J94.INC>
                      00753   ENDIF
                      00754   IFDEF __18F87K22
                      00755      INCLUDE <p18F87K22.INC>
                      00756   ENDIF
                      00757   IFDEF __18F87K90
                      00758      INCLUDE <p18F87K90.INC>
                      00759   ENDIF
                      00760   IFDEF __18F96J60
                      00761      INCLUDE <p18F96J60.INC>
                      00762   ENDIF
                      00763   IFDEF __18F96J65
                      00764      INCLUDE <p18F96J65.INC>
                      00765   ENDIF
                      00766   IFDEF __18F96J94
                      00767      INCLUDE <p18F96J94.INC>
                      00768   ENDIF
                      00769   IFDEF __18F97J60
                      00770      INCLUDE <p18F97J60.INC>
                      00771   ENDIF
                      00772   IFDEF __18F97J94
                      00773      INCLUDE <p18F97J94.INC>
                      00774   ENDIF
                      00775   IFDEF __18LF13K22
                      00776      INCLUDE <p18LF13K22.INC>
                      00777   ENDIF
                      00778   IFDEF __18LF13K50
                      00779      INCLUDE <p18LF13K50.INC>
                      00780   ENDIF
                      00781   IFDEF __18LF14K22
                      00782      INCLUDE <p18LF14K22.INC>
                      00783   ENDIF
                      00784   IFDEF __18LF14K50
                      00785      INCLUDE <p18LF14K50.INC>
                      00786   ENDIF
                      00787   IFDEF __18LF23K22
                      00788      INCLUDE <p18LF23K22.INC>
                      00789   ENDIF
                      00790   IFDEF __18LF24J10
                      00791      INCLUDE <p18LF24J10.INC>
                      00792   ENDIF
                      00793   IFDEF __18LF24J11
                      00794      INCLUDE <p18LF24J11.INC>
MPASM  5.50                      OPENUART.ASM   10-25-2016  15:15:18         PAGE 10


LOC  OBJECT CODE     LINE SOURCE TEXT
  VALUE

                      00795   ENDIF
                      00796   IFDEF __18LF24J50
                      00797      INCLUDE <p18LF24J50.INC>
                      00798   ENDIF
                      00799   IFDEF __18LF24K22
                      00800      INCLUDE <p18LF24K22.INC>
                      00801   ENDIF
                      00802   IFDEF __18LF24K50
                      00803      INCLUDE <p18LF24K50.INC>
                      00804   ENDIF
                      00805   IFDEF __18LF25J10
                      00806      INCLUDE <p18LF25J10.INC>
                      00807   ENDIF
                      00808   IFDEF __18LF25J11
                      00809      INCLUDE <p18LF25J11.INC>
                      00810   ENDIF
                      00811   IFDEF __18LF25J50
                      00812      INCLUDE <p18LF25J50.INC>
                      00813   ENDIF
                      00814   IFDEF __18LF25K22
                      00815      INCLUDE <p18LF25K22.INC>
                      00816   ENDIF
                      00817   IFDEF __18LF25K50
                      00818      INCLUDE <p18LF25K50.INC>
                      00819   ENDIF
                      00820   IFDEF __18LF25K80
                      00821      INCLUDE <p18LF25K80.INC>
                      00822   ENDIF
                      00823   IFDEF __18LF26J11
                      00824      INCLUDE <p18LF26J11.INC>
                      00825   ENDIF
                      00826   IFDEF __18LF26J13
                      00827      INCLUDE <p18LF26J13.INC>
                      00828   ENDIF
                      00829   IFDEF __18LF26J50
                      00830      INCLUDE <p18LF26J50.INC>
                      00831   ENDIF
                      00832   IFDEF __18LF26J53
                      00833      INCLUDE <p18LF26J53.INC>
                      00834   ENDIF
                      00835   IFDEF __18LF26K22
                      00836      INCLUDE <p18LF26K22.INC>
                      00837   ENDIF
                      00838   IFDEF __18LF26K80
                      00839      INCLUDE <p18LF26K80.INC>
                      00840   ENDIF
                      00841   IFDEF __18LF27J13
                      00842      INCLUDE <p18LF27J13.INC>
                      00843   ENDIF
                      00844   IFDEF __18LF27J53
                      00845      INCLUDE <p18LF27J53.INC>
                      00846   ENDIF
                      00847   IFDEF __18LF43K22
MPASM  5.50                      OPENUART.ASM   10-25-2016  15:15:18         PAGE 11


LOC  OBJECT CODE     LINE SOURCE TEXT
  VALUE

                      00848      INCLUDE <p18LF43K22.INC>
                      00849   ENDIF
                      00850   IFDEF __18LF44J10
                      00851      INCLUDE <p18LF44J10.INC>
                      00852   ENDIF
                      00853   IFDEF __18LF44J11
                      00854      INCLUDE <p18LF44J11.INC>
                      00855   ENDIF
                      00856   IFDEF __18LF44J50
                      00857      INCLUDE <p18LF44J50.INC>
                      00858   ENDIF
                      00859   IFDEF __18LF44K22
                      00860      INCLUDE <p18LF44K22.INC>
                      00861   ENDIF
                      00862   IFDEF __18LF45J10
                      00863      INCLUDE <p18LF45J10.INC>
                      00864   ENDIF
                      00865   IFDEF __18LF45J11
                      00866      INCLUDE <p18LF45J11.INC>
                      00867   ENDIF
                      00868   IFDEF __18LF45J50
                      00869      INCLUDE <p18LF45J50.INC>
                      00870   ENDIF
                      00871   IFDEF __18LF45K22
                      00872      INCLUDE <p18LF45K22.INC>
                      00873   ENDIF
                      00874   IFDEF __18LF45K50
                      00875      INCLUDE <p18LF45K50.INC>
                      00876   ENDIF
                      00877   IFDEF __18LF45K80
                      00878      INCLUDE <p18LF45K80.INC>
                      00879   ENDIF
                      00880   IFDEF __18LF46J11
                      00881      INCLUDE <p18LF46J11.INC>
                      00882   ENDIF
                      00883   IFDEF __18LF46J13
                      00884      INCLUDE <p18LF46J13.INC>
                      00885   ENDIF
                      00886   IFDEF __18LF46J50
                      00887      INCLUDE <p18LF46J50.INC>
                      00888   ENDIF
                      00889   IFDEF __18LF46J53
                      00890      INCLUDE <p18LF46J53.INC>
                      00891   ENDIF
                      00892   IFDEF __18LF46K22
                      00893      INCLUDE <p18LF46K22.INC>
                      00894   ENDIF
                      00895   IFDEF __18LF46K80
                      00896      INCLUDE <p18LF46K80.INC>
                      00897   ENDIF
                      00898   IFDEF __18LF47J13
                      00899      INCLUDE <p18LF47J13.INC>
                      00900   ENDIF
MPASM  5.50                      OPENUART.ASM   10-25-2016  15:15:18         PAGE 12


LOC  OBJECT CODE     LINE SOURCE TEXT
  VALUE

                      00901   IFDEF __18LF47J53
                      00902      INCLUDE <p18LF47J53.INC>
                      00903   ENDIF
                      00904   IFDEF __18LF65K80
                      00905      INCLUDE <p18LF65K80.INC>
                      00906   ENDIF
                      00907   IFDEF __18LF66K80
                      00908      INCLUDE <p18LF66K80.INC>
                      00909   ENDIF
                      00910   IFDEF __MCV20USB
                      00911      INCLUDE <pMCV20USB.INC>
                      00912   ENDIF
                      00913 
                      00002 
  00000F82            00003 SWTXD           equ     PORTC           ; Transmit pin port and pin
  00000004            00004 SWTXDpin        equ     4
  00000F93            00005 TRIS_SWTXD      equ     TRISB           ; Transmit pin tris and pin
  00000F81            00006 SWRXD           equ     PORTB           ; Receive pin port and pin
  00000002            00007 SWRXDpin        equ     2
  00000F93            00008 TRIS_SWRXD      equ     TRISB           ; Receive pin tris and pin
                      00009 
  0000                00010         EXTERN  DelayRXHalfBitUART
  0000                00011         EXTERN  DelayRXBitUART
  0000                00012         EXTERN  DelayTXBitUART
  0000                00013         EXTERN  uartdata
  0000                00014         EXTERN  BitCount
                      00015 
                      00016 UARTCODE        CODE
                      00017 ;********************************************************************
                      00018 ;*      Function Name:  OpenUART                                    *
                      00019 ;*      Return Value:   void                                        *
                      00020 ;*      Parameters:     void                                        *
                      00021 ;*      Description:    This routine configures the I/O pins for    *
                      00022 ;*                      software UART.                              *
                      00023 ;********************************************************************
000000                00024 OpenUART
                      00025 
000000 010F           00026         banksel SWTXD
000002 9893           00027         bcf             TRIS_SWTXD,SWTXDpin     ; Make TXD an output
000004 8882           00028         bsf             SWTXD,SWTXDpin          ; Make TXD high
000006 010F           00029         banksel SWRXD
000008 8493           00030         bsf             TRIS_SWRXD,SWRXDpin     ; Make RXD an input
00000A 8481           00031         bsf             SWRXD,SWRXDpin          ; Make RXD high
00000C 0012           00032         return
                      00033 
  0000                00034         GLOBAL  OpenUART
                      00035         
                      00036         END
MPASM  5.50                      OPENUART.ASM   10-25-2016  15:15:18         PAGE 13


SYMBOL TABLE
  LABEL                             VALUE 

A                                 00000000
ABDEN                             00000000
ABDOVF                            00000007
ACCESS                            00000000
ACKDT                             00000005
ACKEN                             00000004
ACKSTAT                           00000006
ACQT0                             00000003
ACQT1                             00000004
ACQT2                             00000005
ADCON0                            00000FC2
ADCON1                            00000FC1
ADCON2                            00000FC0
ADCS0                             00000000
ADCS1                             00000001
ADCS2                             00000002
ADDEN                             00000003
ADEN                              00000003
ADFM                              00000007
ADIE                              00000006
ADIF                              00000006
ADIP                              00000006
ADMSK1                            00000001
ADMSK2                            00000002
ADMSK3                            00000003
ADMSK4                            00000004
ADMSK5                            00000005
ADON                              00000000
ADRES                             00000FC3
ADRESH                            00000FC4
ADRESL                            00000FC3
AN0                               00000000
AN1                               00000001
AN10                              00000001
AN11                              00000004
AN12                              00000000
AN2                               00000002
AN3                               00000003
AN4                               00000005
AN5                               00000000
AN6                               00000001
AN7                               00000002
AN8                               00000002
AN9                               00000003
BANKED                            00000001
BAUDCON                           00000FB8
BAUDCTL                           00000FB8
BCLIE                             00000003
BCLIF                             00000003
BCLIP                             00000003
BF                                00000000
BGST                              00000005
BOR                               00000000
MPASM  5.50                      OPENUART.ASM   10-25-2016  15:15:18         PAGE 14


SYMBOL TABLE
  LABEL                             VALUE 

BRG16                             00000003
BRGH                              00000002
BSR                               00000FE0
BitCount                          00000000
C                                 00000000
C1INV                             00000004
C1OUT_CMCON                       00000006
C1OUT_PORTA                       00000004
C2INV                             00000005
C2OUT_CMCON                       00000007
C2OUT_PORTA                       00000005
CCP1                              00000002
CCP1CON                           00000FBD
CCP1IE                            00000002
CCP1IF                            00000002
CCP1IP                            00000002
CCP1M0                            00000000
CCP1M1                            00000001
CCP1M2                            00000002
CCP1M3                            00000003
CCP1X                             00000005
CCP1Y                             00000004
CCP2CON                           00000FBA
CCP2IE                            00000000
CCP2IF                            00000000
CCP2IP                            00000000
CCP2M0                            00000000
CCP2M1                            00000001
CCP2M2                            00000002
CCP2M3                            00000003
CCP2X                             00000005
CCP2Y                             00000004
CCP2_PORTB                        00000003
CCP2_PORTC                        00000001
CCPR1                             00000FBE
CCPR1H                            00000FBF
CCPR1L                            00000FBE
CCPR2                             00000FBB
CCPR2H                            00000FBC
CCPR2L                            00000FBB
CFGS                              00000006
CHS0                              00000002
CHS1                              00000003
CHS2                              00000004
CHS3                              00000005
CIS                               00000003
CK                                00000006
CKE                               00000006
CKP                               00000004
CLKI                              00000007
CLKO                              00000006
CM0                               00000000
CM1                               00000001
MPASM  5.50                      OPENUART.ASM   10-25-2016  15:15:18         PAGE 15


SYMBOL TABLE
  LABEL                             VALUE 

CM2                               00000002
CMCON                             00000FB4
CMIE                              00000006
CMIF                              00000006
CMIP                              00000006
CREN                              00000004
CS                                00000002
CSRC                              00000007
CVR0                              00000000
CVR1                              00000001
CVR2                              00000002
CVR3                              00000003
CVRCON                            00000FB5
CVREF                             00000002
CVREN                             00000007
CVROE                             00000006
CVRR                              00000005
CVRSS                             00000004
D                                 00000005
DC                                00000001
DC1B0                             00000004
DC1B1                             00000005
DC2B0                             00000004
DC2B1                             00000005
DDRA                              TRISA
DDRB                              TRISB
DDRC                              TRISC
DDRD                              TRISD
DDRE                              TRISE
DONE                              00000001
D_A                               00000005
D_NOT_A                           00000005
DelayRXBitUART                    00000000
DelayRXHalfBitUART                00000000
DelayTXBitUART                    00000000
ECCP1AS                           00000FB6
ECCP1DEL                          00000FB7
ECCPAS                            00000FB6
ECCPAS0                           00000004
ECCPAS1                           00000005
ECCPAS2                           00000006
ECCPASE                           00000007
EEADR                             00000FA9
EECON1                            00000FA6
EECON2                            00000FA7
EEDATA                            00000FA8
EEIE                              00000004
EEIF                              00000004
EEIP                              00000004
EEPGD                             00000007
FAST                              00000001
FERR                              00000002
FLT0                              00000000
MPASM  5.50                      OPENUART.ASM   10-25-2016  15:15:18         PAGE 16


SYMBOL TABLE
  LABEL                             VALUE 

FLTS                              00000002
FREE                              00000004
FSR0                              00000000
FSR0H                             00000FEA
FSR0L                             00000FE9
FSR1                              00000001
FSR1H                             00000FE2
FSR1L                             00000FE1
FSR2                              00000002
FSR2H                             00000FDA
FSR2L                             00000FD9
GCEN                              00000007
GIE                               00000007
GIEH                              00000007
GIEL                              00000006
GIE_GIEH                          00000007
GO                                00000001
GO_DONE                           00000001
GO_NOT_DONE                       00000001
HLVDCON                           00000FD2
HLVDEN                            00000004
HLVDIE                            00000002
HLVDIF                            00000002
HLVDIN                            00000005
HLVDIP                            00000002
HLVDL0                            00000000
HLVDL1                            00000001
HLVDL2                            00000002
HLVDL3                            00000003
IBF                               00000007
IBOV                              00000005
IDLEN                             00000007
INDF0                             00000FEF
INDF1                             00000FE7
INDF2                             00000FDF
INT0                              00000000
INT0E                             00000004
INT0F                             00000001
INT0IE                            00000004
INT0IF                            00000001
INT1                              00000001
INT1E                             00000003
INT1F                             00000000
INT1IE                            00000003
INT1IF                            00000000
INT1IP                            00000006
INT1P                             00000006
INT2                              00000002
INT2E                             00000004
INT2F                             00000001
INT2IE                            00000004
INT2IF                            00000001
INT2IP                            00000007
MPASM  5.50                      OPENUART.ASM   10-25-2016  15:15:18         PAGE 17


SYMBOL TABLE
  LABEL                             VALUE 

INT2P                             00000007
INTCON                            00000FF2
INTCON2                           00000FF1
INTCON3                           00000FF0
INTEDG0                           00000006
INTEDG1                           00000005
INTEDG2                           00000004
INTSRC                            00000007
IOFS                              00000002
IPEN                              00000007
IPR1                              00000F9F
IPR2                              00000FA2
IRCF0                             00000004
IRCF1                             00000005
IRCF2                             00000006
IRVST                             00000005
IVRST                             00000005
KBI0                              00000004
KBI1                              00000005
KBI2                              00000006
KBI3                              00000007
LATA                              00000F89
LATA0                             00000000
LATA1                             00000001
LATA2                             00000002
LATA3                             00000003
LATA4                             00000004
LATA5                             00000005
LATA6                             00000006
LATA7                             00000007
LATB                              00000F8A
LATB0                             00000000
LATB1                             00000001
LATB2                             00000002
LATB3                             00000003
LATB4                             00000004
LATB5                             00000005
LATB6                             00000006
LATB7                             00000007
LATC                              00000F8B
LATC0                             00000000
LATC1                             00000001
LATC2                             00000002
LATC3                             00000003
LATC4                             00000004
LATC5                             00000005
LATC6                             00000006
LATC7                             00000007
LATD                              00000F8C
LATD0                             00000000
LATD1                             00000001
LATD2                             00000002
LATD3                             00000003
MPASM  5.50                      OPENUART.ASM   10-25-2016  15:15:18         PAGE 18


SYMBOL TABLE
  LABEL                             VALUE 

LATD4                             00000004
LATD5                             00000005
LATD6                             00000006
LATD7                             00000007
LATE                              00000F8D
LATE0                             00000000
LATE1                             00000001
LATE2                             00000002
LVDCON                            00000FD2
LVDEN                             00000004
LVDIE                             00000002
LVDIF                             00000002
LVDIN                             00000005
LVDIP                             00000002
LVDL0                             00000000
LVDL1                             00000001
LVDL2                             00000002
LVDL3                             00000003
LVV0                              00000000
LVV1                              00000001
LVV2                              00000002
LVV3                              00000003
MCLR                              00000003
N                                 00000004
NOT_A                             00000005
NOT_ADDRESS                       00000005
NOT_BOR                           00000000
NOT_CS                            00000002
NOT_DONE                          00000001
NOT_MCLR                          00000003
NOT_PD                            00000002
NOT_POR                           00000001
NOT_RBPU                          00000007
NOT_RD                            00000000
NOT_RI                            00000004
NOT_SS                            00000005
NOT_T1SYNC                        00000002
NOT_T3SYNC                        00000002
NOT_TO                            00000003
NOT_W                             00000002
NOT_WR                            00000001
NOT_WRITE                         00000002
OBF                               00000006
OERR                              00000001
OSC1                              00000007
OSC2                              00000006
OSCCON                            00000FD3
OSCFIE                            00000007
OSCFIF                            00000007
OSCFIP                            00000007
OSCTUNE                           00000F9B
OSTS                              00000003
OV                                00000003
MPASM  5.50                      OPENUART.ASM   10-25-2016  15:15:18         PAGE 19


SYMBOL TABLE
  LABEL                             VALUE 

OpenUART                          00000000
P                                 00000004
P1A                               00000002
P1B                               00000005
P1C                               00000006
P1D                               00000007
P1M0                              00000006
P1M1                              00000007
PC                                00000FF9
PCFG0                             00000000
PCFG1                             00000001
PCFG2                             00000002
PCFG3                             00000003
PCL                               00000FF9
PCLATH                            00000FFA
PCLATU                            00000FFB
PD                                00000002
PDC0                              00000000
PDC1                              00000001
PDC2                              00000002
PDC3                              00000003
PDC4                              00000004
PDC5                              00000005
PDC6                              00000006
PEIE                              00000006
PEIE_GIEL                         00000006
PEN                               00000002
PGC                               00000006
PGD                               00000007
PGM                               00000005
PIE1                              00000F9D
PIE2                              00000FA0
PIR1                              00000F9E
PIR2                              00000FA1
PLLEN                             00000006
PLUSW0                            00000FEB
PLUSW1                            00000FE3
PLUSW2                            00000FDB
POR                               00000001
PORTA                             00000F80
PORTB                             00000F81
PORTC                             00000F82
PORTD                             00000F83
PORTE                             00000F84
POSTDEC0                          00000FED
POSTDEC1                          00000FE5
POSTDEC2                          00000FDD
POSTINC0                          00000FEE
POSTINC1                          00000FE6
POSTINC2                          00000FDE
PR2                               00000FCB
PREINC0                           00000FEC
PREINC1                           00000FE4
MPASM  5.50                      OPENUART.ASM   10-25-2016  15:15:18         PAGE 20


SYMBOL TABLE
  LABEL                             VALUE 

PREINC2                           00000FDC
PROD                              00000FF3
PRODH                             00000FF4
PRODL                             00000FF3
PRSEN                             00000007
PSA                               00000003
PSP0                              00000000
PSP1                              00000001
PSP2                              00000002
PSP3                              00000003
PSP4                              00000004
PSP5                              00000005
PSP6                              00000006
PSP7                              00000007
PSPIE                             00000007
PSPIF                             00000007
PSPIP                             00000007
PSPMODE                           00000004
PSSAC0                            00000002
PSSAC1                            00000003
PSSBD0                            00000000
PSSBD1                            00000001
PWM1CON                           00000FB7
R                                 00000002
RA0                               00000000
RA1                               00000001
RA2                               00000002
RA3                               00000003
RA4                               00000004
RA5                               00000005
RA6                               00000006
RA7                               00000007
RB0                               00000000
RB1                               00000001
RB2                               00000002
RB3                               00000003
RB4                               00000004
RB5                               00000005
RB6                               00000006
RB7                               00000007
RBIE                              00000003
RBIF                              00000000
RBIP                              00000000
RBPU                              00000007
RC0                               00000000
RC1                               00000001
RC2                               00000002
RC3                               00000003
RC4                               00000004
RC5                               00000005
RC6                               00000006
RC7                               00000007
RCEN                              00000003
MPASM  5.50                      OPENUART.ASM   10-25-2016  15:15:18         PAGE 21


SYMBOL TABLE
  LABEL                             VALUE 

RCIDL                             00000006
RCIE                              00000005
RCIF                              00000005
RCIP                              00000005
RCMT                              00000006
RCON                              00000FD0
RCREG                             00000FAE
RCSTA                             00000FAB
RD                                00000000
RD0                               00000000
RD1                               00000001
RD16                              00000007
RD2                               00000002
RD3                               00000003
RD4                               00000004
RD5                               00000005
RD6                               00000006
RD7                               00000007
RE0                               00000000
RE1                               00000001
RE2                               00000002
RE3                               00000003
RI                                00000004
RSEN                              00000001
RX                                00000007
RX9                               00000006
RX9D                              00000000
RXDTP                             00000005
R_NOT_W                           00000002
R_W                               00000002
S                                 00000003
SBOREN                            00000006
SCK                               00000003
SCKP                              00000004
SCL                               00000003
SCS0                              00000000
SCS1                              00000001
SDA                               00000004
SDI                               00000004
SDO                               00000005
SEN                               00000000
SENDB                             00000003
SMP                               00000007
SP0                               00000000
SP1                               00000001
SP2                               00000002
SP3                               00000003
SP4                               00000004
SPBRG                             00000FAF
SPBRGH                            00000FB0
SPEN                              00000007
SREN                              00000005
SS                                00000005
MPASM  5.50                      OPENUART.ASM   10-25-2016  15:15:18         PAGE 22


SYMBOL TABLE
  LABEL                             VALUE 

SSPADD                            00000FC8
SSPBUF                            00000FC9
SSPCON1                           00000FC6
SSPCON2                           00000FC5
SSPEN                             00000005
SSPIE                             00000003
SSPIF                             00000003
SSPIP                             00000003
SSPM0                             00000000
SSPM1                             00000001
SSPM2                             00000002
SSPM3                             00000003
SSPOV                             00000006
SSPSTAT                           00000FC7
STATUS                            00000FD8
STKFUL                            00000007
STKOVF                            00000007
STKPTR                            00000FFC
STKUNF                            00000006
SWDTE                             00000000
SWDTEN                            00000000
SWRXD                             00000F81
SWRXDpin                          00000002
SWTXD                             00000F82
SWTXDpin                          00000004
SYNC                              00000004
T016BIT                           00000006
T08BIT                            00000006
T0CKI                             00000004
T0CON                             00000FD5
T0CS                              00000005
T0IE                              00000005
T0IF                              00000002
T0PS0                             00000000
T0PS1                             00000001
T0PS2                             00000002
T0PS3                             00000003
T0SE                              00000004
T13CKI                            00000000
T1CKI                             00000000
T1CKPS0                           00000004
T1CKPS1                           00000005
T1CON                             00000FCD
T1OSCEN                           00000003
T1OSI                             00000001
T1OSO                             00000000
T1RUN                             00000006
T1SYNC                            00000002
T2CKPS0                           00000000
T2CKPS1                           00000001
T2CON                             00000FCA
T2OUTPS0                          00000003
T2OUTPS1                          00000004
MPASM  5.50                      OPENUART.ASM   10-25-2016  15:15:18         PAGE 23


SYMBOL TABLE
  LABEL                             VALUE 

T2OUTPS2                          00000005
T2OUTPS3                          00000006
T3CCP1                            00000003
T3CCP2                            00000006
T3CKPS0                           00000004
T3CKPS1                           00000005
T3CON                             00000FB1
T3SYNC                            00000002
TABLAT                            00000FF5
TBLPTR                            00000FF6
TBLPTRH                           00000FF7
TBLPTRL                           00000FF6
TBLPTRU                           00000FF8
TMR0                              00000FD6
TMR0H                             00000FD7
TMR0IE                            00000005
TMR0IF                            00000002
TMR0IP                            00000002
TMR0L                             00000FD6
TMR0ON                            00000007
TMR1                              00000FCE
TMR1CS                            00000001
TMR1H                             00000FCF
TMR1IE                            00000000
TMR1IF                            00000000
TMR1IP                            00000000
TMR1L                             00000FCE
TMR1ON                            00000000
TMR2                              00000FCC
TMR2IE                            00000001
TMR2IF                            00000001
TMR2IP                            00000001
TMR2ON                            00000002
TMR3                              00000FB2
TMR3CS                            00000001
TMR3H                             00000FB3
TMR3IE                            00000001
TMR3IF                            00000001
TMR3IP                            00000001
TMR3L                             00000FB2
TMR3ON                            00000000
TO                                00000003
TOS                               00000FFD
TOSH                              00000FFE
TOSL                              00000FFD
TOSU                              00000FFF
TOUTPS0                           00000003
TOUTPS1                           00000004
TOUTPS2                           00000005
TOUTPS3                           00000006
TRISA                             00000F92
TRISA0                            00000000
TRISA1                            00000001
MPASM  5.50                      OPENUART.ASM   10-25-2016  15:15:18         PAGE 24


SYMBOL TABLE
  LABEL                             VALUE 

TRISA2                            00000002
TRISA3                            00000003
TRISA4                            00000004
TRISA5                            00000005
TRISA6                            00000006
TRISA7                            00000007
TRISB                             00000F93
TRISB0                            00000000
TRISB1                            00000001
TRISB2                            00000002
TRISB3                            00000003
TRISB4                            00000004
TRISB5                            00000005
TRISB6                            00000006
TRISB7                            00000007
TRISC                             00000F94
TRISC0                            00000000
TRISC1                            00000001
TRISC2                            00000002
TRISC3                            00000003
TRISC4                            00000004
TRISC5                            00000005
TRISC6                            00000006
TRISC7                            00000007
TRISD                             00000F95
TRISD0                            00000000
TRISD1                            00000001
TRISD2                            00000002
TRISD3                            00000003
TRISD4                            00000004
TRISD5                            00000005
TRISD6                            00000006
TRISD7                            00000007
TRISE                             00000F96
TRISE0                            00000000
TRISE1                            00000001
TRISE2                            00000002
TRIS_SWRXD                        00000F93
TRIS_SWTXD                        00000F93
TRMT                              00000001
TUN0                              00000000
TUN1                              00000001
TUN2                              00000002
TUN3                              00000003
TUN4                              00000004
TX                                00000006
TX9                               00000006
TX9D                              00000000
TXCKP                             00000004
TXEN                              00000005
TXIE                              00000004
TXIF                              00000004
TXIP                              00000004
MPASM  5.50                      OPENUART.ASM   10-25-2016  15:15:18         PAGE 25


SYMBOL TABLE
  LABEL                             VALUE 

TXREG                             00000FAD
TXSTA                             00000FAC
UA                                00000001
VCFG0                             00000004
VCFG1                             00000005
VDIRMAG                           00000007
VPP                               00000003
VREFN                             00000002
VREFP                             00000003
W                                 00000000
WCOL                              00000007
WDTCON                            00000FD1
WR                                00000001
WREG                              00000FE8
WREN                              00000002
WRERR                             00000003
WUE                               00000001
Z                                 00000002
_BOREN_NOSLP_2L                   000000FD
_BOREN_OFF_2L                     000000F9
_BOREN_ON_2L                      000000FB
_BOREN_SBORDIS_2L                 000000FF
_BORV_0_2L                        000000E7
_BORV_1_2L                        000000EF
_BORV_2_2L                        000000F7
_BORV_3_2L                        000000FF
_CCP2MX_PORTBE_3H                 000000FE
_CCP2MX_PORTC_3H                  000000FF
_CONFIG1H                         00300001
_CONFIG2H                         00300003
_CONFIG2L                         00300002
_CONFIG3H                         00300005
_CONFIG4L                         00300006
_CONFIG5H                         00300009
_CONFIG5L                         00300008
_CONFIG6H                         0030000B
_CONFIG6L                         0030000A
_CONFIG7H                         0030000D
_CONFIG7L                         0030000C
_CP0_OFF_5L                       000000FF
_CP0_ON_5L                        000000FE
_CP1_OFF_5L                       000000FF
_CP1_ON_5L                        000000FD
_CP2_OFF_5L                       000000FF
_CP2_ON_5L                        000000FB
_CP3_OFF_5L                       000000FF
_CP3_ON_5L                        000000F7
_CPB_OFF_5H                       000000FF
_CPB_ON_5H                        000000BF
_CPD_OFF_5H                       000000FF
_CPD_ON_5H                        0000007F
_DEBUG_OFF_4L                     000000FF
_DEBUG_ON_4L                      0000007F
MPASM  5.50                      OPENUART.ASM   10-25-2016  15:15:18         PAGE 26


SYMBOL TABLE
  LABEL                             VALUE 

_DEVID1                           003FFFFE
_DEVID2                           003FFFFF
_EBTR0_OFF_7L                     000000FF
_EBTR0_ON_7L                      000000FE
_EBTR1_OFF_7L                     000000FF
_EBTR1_ON_7L                      000000FD
_EBTR2_OFF_7L                     000000FF
_EBTR2_ON_7L                      000000FB
_EBTR3_OFF_7L                     000000FF
_EBTR3_ON_7L                      000000F7
_EBTRB_OFF_7H                     000000FF
_EBTRB_ON_7H                      000000BF
_FCMEN_OFF_1H                     000000BF
_FCMEN_ON_1H                      000000FF
_IDLOC0                           00200000
_IDLOC1                           00200001
_IDLOC2                           00200002
_IDLOC3                           00200003
_IDLOC4                           00200004
_IDLOC5                           00200005
_IDLOC6                           00200006
_IDLOC7                           00200007
_IESO_OFF_1H                      0000007F
_IESO_ON_1H                       000000FF
_LPT1OSC_OFF_3H                   000000FB
_LPT1OSC_ON_3H                    000000FF
_LVP_OFF_4L                       000000FB
_LVP_ON_4L                        000000FF
_MCLRE_OFF_3H                     0000007F
_MCLRE_ON_3H                      000000FF
_OSC_ECIO6_1H                     000000F5
_OSC_EC_1H                        000000F4
_OSC_HSPLL_1H                     000000F6
_OSC_HS_1H                        000000F2
_OSC_INTIO67_1H                   000000F8
_OSC_INTIO7_1H                    000000F9
_OSC_LP_1H                        000000F0
_OSC_RCIO6_1H                     000000F7
_OSC_RC_1H                        000000F3
_OSC_XT_1H                        000000F1
_PBADEN_OFF_3H                    000000FD
_PBADEN_ON_3H                     000000FF
_PWRT_OFF_2L                      000000FF
_PWRT_ON_2L                       000000FE
_STVREN_OFF_4L                    000000FE
_STVREN_ON_4L                     000000FF
_WDTPS_1024_2H                    000000F5
_WDTPS_128_2H                     000000EF
_WDTPS_16384_2H                   000000FD
_WDTPS_16_2H                      000000E9
_WDTPS_1_2H                       000000E1
_WDTPS_2048_2H                    000000F7
_WDTPS_256_2H                     000000F1
MPASM  5.50                      OPENUART.ASM   10-25-2016  15:15:18         PAGE 27


SYMBOL TABLE
  LABEL                             VALUE 

_WDTPS_2_2H                       000000E3
_WDTPS_32768_2H                   000000FF
_WDTPS_32_2H                      000000EB
_WDTPS_4096_2H                    000000F9
_WDTPS_4_2H                       000000E5
_WDTPS_512_2H                     000000F3
_WDTPS_64_2H                      000000ED
_WDTPS_8192_2H                    000000FB
_WDTPS_8_2H                       000000E7
_WDT_OFF_2H                       000000FE
_WDT_ON_2H                        000000FF
_WRT0_OFF_6L                      000000FF
_WRT0_ON_6L                       000000FE
_WRT1_OFF_6L                      000000FF
_WRT1_ON_6L                       000000FD
_WRT2_OFF_6L                      000000FF
_WRT2_ON_6L                       000000FB
_WRT3_OFF_6L                      000000FF
_WRT3_ON_6L                       000000F7
_WRTB_OFF_6H                      000000FF
_WRTB_ON_6H                       000000BF
_WRTC_OFF_6H                      000000FF
_WRTC_ON_6H                       000000DF
_WRTD_OFF_6H                      000000FF
_WRTD_ON_6H                       0000007F
_XINST_OFF_4L                     000000BF
_XINST_ON_4L                      000000FF
__18F4520                         00000001
__DEBUG                           
__MPLAB_DEBUGGER_SIMULATOR        1
uartdata                          00000000

Errors   :     0
Warnings :     0 reported,     0 suppressed
Messages :     0 reported,     0 suppressed

